<?xml version="1.0" encoding="UTF-8"?>
<!-- Generated by org.testng.reporters.JUnitReportReporter -->
<testsuite hostname="LAPTOP-1QLN8GEL" failures="0" tests="1" name="testngpack.Remo" time="0.020" errors="0" timestamp="2022-06-10T11:54:05 IST" skipped="0">
  <testcase classname="testngpack.Remo" name="a" time="0.020"/>
  <system-out>
    <![CDATA[Demo executed]]>
  </system-out>
</testsuite> <!-- testngpack.Remo -->
